Module(
  body=[
    Assign(
      targets=[
        Name(id='x', ctx=Store())],
      value=Constant(value=3)),
    If(
      test=Compare(
        left=Name(id='x', ctx=Load()),
        ops=[
          Eq()],
        comparators=[
          Constant(value=3)]),
      body=[
        Expr(
          value=Call(
            func=Name(id='print', ctx=Load()),
            args=[
              Constant(value='X is 3')],
            keywords=[]))],
      orelse=[]),
    AugAssign(
      target=Name(id='x', ctx=Store()),
      op=Pow(),
      value=Constant(value=3)),
    AugAssign(
      target=Name(id='x', ctx=Store()),
      op=Div(),
      value=Constant(value=1)),
    Assign(
      targets=[
        Name(id='x', ctx=Store())],
      value=BinOp(
        left=Name(id='x', ctx=Load()),
        op=FloorDiv(),
        right=Constant(value=3))),
    Assign(
      targets=[
        Name(id='x', ctx=Store())],
      value=Constant(value=None))],
  type_ignores=[])